2026-07-04T10:05:13.749Z  INFO 52197 --- [main] c.e.p.PromptProcessorApplication         : Starting PromptProcessorApplication using Java 21.0.11 with PID 52197 (/workspaces/prompt-processor/target/classes started by vscode in /workspaces/prompt-processor)
2026-07-04T10:05:13.750Z DEBUG 52197 --- [main] c.e.p.PromptProcessorApplication         : Running with Spring Boot v3.3.0, Spring v6.1.8
2026-07-04T10:05:13.750Z  INFO 52197 --- [main] c.e.p.PromptProcessorApplication         : No active profile set, falling back to 1 default profile: "default"
2026-07-04T10:05:14.265Z  INFO 52197 --- [main] o.s.b.w.embedded.tomcat.TomcatWebServer  : Tomcat initialized with port 8080 (http)
2026-07-04T10:05:14.270Z  INFO 52197 --- [main] o.apache.catalina.core.StandardService   : Starting service [Tomcat]
2026-07-04T10:05:14.270Z  INFO 52197 --- [main] o.apache.catalina.core.StandardEngine    : Starting Servlet engine: [Apache Tomcat/10.1.24]
2026-07-04T10:05:14.288Z  INFO 52197 --- [main] o.a.c.c.C.[Tomcat].[localhost].[/api]    : Initializing Spring embedded WebApplicationContext
2026-07-04T10:05:14.288Z  INFO 52197 --- [main] w.s.c.ServletWebServerApplicationContext : Root WebApplicationContext: initialization completed in 519 ms
2026-07-04T10:05:14.356Z  INFO 52197 --- [main] c.e.p.config.ThreadPoolConfig            : Prompt worker thread pool initialized — core=5, max=15, queue=200
2026-07-04T10:05:14.509Z  INFO 52197 --- [main] o.s.b.a.e.web.EndpointLinksResolver      : Exposing 6 endpoints beneath base path '/actuator'
2026-07-04T10:05:14.533Z  INFO 52197 --- [main] o.s.b.w.embedded.tomcat.TomcatWebServer  : Tomcat started on port 8080 (http) with context path '/api'
2026-07-04T10:05:14.541Z  INFO 52197 --- [main] c.e.p.PromptProcessorApplication         : Started PromptProcessorApplication in 0.957 seconds (process running for 1.068)
2026-07-04T10:05:35.420Z  INFO 52197 --- [http-nio-8080-exec-1] o.a.c.c.C.[Tomcat].[localhost].[/api]    : Initializing Spring DispatcherServlet 'dispatcherServlet'
2026-07-04T10:05:35.420Z  INFO 52197 --- [http-nio-8080-exec-1] o.s.web.servlet.DispatcherServlet        : Initializing Servlet 'dispatcherServlet'
2026-07-04T10:05:35.421Z  INFO 52197 --- [http-nio-8080-exec-1] o.s.web.servlet.DispatcherServlet        : Completed initialization in 1 ms
2026-07-04T10:05:35.446Z  INFO 52197 --- [http-nio-8080-exec-1] c.e.p.controller.PromptController        : File upload 'prompts.txt' — parsed 50 prompt(s)
2026-07-04T10:05:35.446Z DEBUG 52197 --- [http-nio-8080-exec-1] c.e.p.service.JobStoreService            : Job 56e462c0-8f0e-45de-920e-f06bdcc6cba3 stored (total jobs in memory: 1)
2026-07-04T10:05:35.446Z  INFO 52197 --- [http-nio-8080-exec-1] c.e.p.service.PromptProcessingService    : Job 56e462c0-8f0e-45de-920e-f06bdcc6cba3 accepted — 50 prompt(s) submitted to thread pool
2026-07-04T10:05:35.447Z DEBUG 52197 --- [prompt-worker-1] c.e.promptprocessor.worker.PromptWorker  : [Worker:prompt-worker-1] job=56e462c0-8f0e-45de-920e-f06bdcc6cba3 attempt=1/4 prompt='What is artificial intelligence and how does it work?'
2026-07-04T10:05:35.447Z DEBUG 52197 --- [prompt-worker-2] c.e.promptprocessor.worker.PromptWorker  : [Worker:prompt-worker-2] job=56e462c0-8f0e-45de-920e-f06bdcc6cba3 attempt=1/4 prompt='Explain the difference between machine learning and deep lea...'
2026-07-04T10:05:35.447Z DEBUG 52197 --- [prompt-worker-3] c.e.promptprocessor.worker.PromptWorker  : [Worker:prompt-worker-3] job=56e462c0-8f0e-45de-920e-f06bdcc6cba3 attempt=1/4 prompt='What are the main applications of natural language processin...'
2026-07-04T10:05:35.447Z DEBUG 52197 --- [prompt-worker-4] c.e.promptprocessor.worker.PromptWorker  : [Worker:prompt-worker-4] job=56e462c0-8f0e-45de-920e-f06bdcc6cba3 attempt=1/4 prompt='How does a transformer architecture work in modern AI models...'
2026-07-04T10:05:35.448Z  WARN 52197 --- [prompt-worker-4] c.e.p.service.MockInferenceService       : [MockInference] HTTP 429 — call #4 (every 4th request)
2026-07-04T10:05:35.448Z DEBUG 52197 --- [prompt-worker-5] c.e.promptprocessor.worker.PromptWorker  : [Worker:prompt-worker-5] job=56e462c0-8f0e-45de-920e-f06bdcc6cba3 attempt=1/4 prompt='What is the difference between supervised and unsupervised l...'
2026-07-04T10:05:35.448Z  WARN 52197 --- [prompt-worker-4] c.e.promptprocessor.worker.PromptWorker  : [Worker:prompt-worker-4] job=56e462c0-8f0e-45de-920e-f06bdcc6cba3 RATE LIMITED (attempt 1/4) prompt='How does a transformer architecture work in modern AI models...' — HTTP 429 Too Many Requests (call #4)
2026-07-04T10:05:35.448Z DEBUG 52197 --- [prompt-worker-4] c.e.promptprocessor.worker.PromptWorker  : [Worker:prompt-worker-4] job=56e462c0-8f0e-45de-920e-f06bdcc6cba3 backing off 500ms before retry attempt=2 prompt='How does a transformer architecture work in modern AI models...'
2026-07-04T10:05:35.658Z DEBUG 52197 --- [prompt-worker-5] c.e.p.service.MockInferenceService       : [MockInference] call #5 succeeded for prompt 'What is the difference between supervised and unsupervised l...' in 205ms
2026-07-04T10:05:35.660Z  INFO 52197 --- [prompt-worker-5] c.e.promptprocessor.worker.PromptWorker  : [Worker:prompt-worker-5] job=56e462c0-8f0e-45de-920e-f06bdcc6cba3 SUCCESS attempt=1 elapsed=211ms prompt='What is the difference between supervised and unsupervised l...'
2026-07-04T10:05:35.660Z DEBUG 52197 --- [prompt-worker-5] c.e.promptprocessor.worker.PromptWorker  : [Worker:prompt-worker-5] job=56e462c0-8f0e-45de-920e-f06bdcc6cba3 attempt=1/4 prompt='Explain the concept of overfitting in machine learning model...'
2026-07-04T10:05:35.790Z DEBUG 52197 --- [prompt-worker-2] c.e.p.service.MockInferenceService       : [MockInference] call #2 succeeded for prompt 'Explain the difference between machine learning and deep lea...' in 337ms
2026-07-04T10:05:35.791Z  INFO 52197 --- [prompt-worker-2] c.e.promptprocessor.worker.PromptWorker  : [Worker:prompt-worker-2] job=56e462c0-8f0e-45de-920e-f06bdcc6cba3 SUCCESS attempt=1 elapsed=343ms prompt='Explain the difference between machine learning and deep lea...'
2026-07-04T10:05:35.791Z DEBUG 52197 --- [prompt-worker-2] c.e.promptprocessor.worker.PromptWorker  : [Worker:prompt-worker-2] job=56e462c0-8f0e-45de-920e-f06bdcc6cba3 attempt=1/4 prompt='What is gradient descent and why is it important in training...'
2026-07-04T10:05:35.850Z DEBUG 52197 --- [prompt-worker-3] c.e.p.service.MockInferenceService       : [MockInference] call #3 succeeded for prompt 'What are the main applications of natural language processin...' in 395ms
2026-07-04T10:05:35.851Z  INFO 52197 --- [prompt-worker-3] c.e.promptprocessor.worker.PromptWorker  : [Worker:prompt-worker-3] job=56e462c0-8f0e-45de-920e-f06bdcc6cba3 SUCCESS attempt=1 elapsed=404ms prompt='What are the main applications of natural language processin...'
2026-07-04T10:05:35.851Z DEBUG 52197 --- [prompt-worker-3] c.e.promptprocessor.worker.PromptWorker  : [Worker:prompt-worker-3] job=56e462c0-8f0e-45de-920e-f06bdcc6cba3 attempt=1/4 prompt='How does backpropagation work in a neural network?'
2026-07-04T10:05:35.851Z  WARN 52197 --- [prompt-worker-3] c.e.p.service.MockInferenceService       : [MockInference] HTTP 429 — call #8 (every 4th request)
2026-07-04T10:05:35.852Z  WARN 52197 --- [prompt-worker-3] c.e.promptprocessor.worker.PromptWorker  : [Worker:prompt-worker-3] job=56e462c0-8f0e-45de-920e-f06bdcc6cba3 RATE LIMITED (attempt 1/4) prompt='How does backpropagation work in a neural network?' — HTTP 429 Too Many Requests (call #8)
2026-07-04T10:05:35.853Z DEBUG 52197 --- [prompt-worker-3] c.e.promptprocessor.worker.PromptWorker  : [Worker:prompt-worker-3] job=56e462c0-8f0e-45de-920e-f06bdcc6cba3 backing off 500ms before retry attempt=2 prompt='How does backpropagation work in a neural network?'
2026-07-04T10:05:35.943Z DEBUG 52197 --- [prompt-worker-1] c.e.p.service.MockInferenceService       : [MockInference] call #1 succeeded for prompt 'What is artificial intelligence and how does it work?' in 494ms
2026-07-04T10:05:35.944Z  INFO 52197 --- [prompt-worker-1] c.e.promptprocessor.worker.PromptWorker  : [Worker:prompt-worker-1] job=56e462c0-8f0e-45de-920e-f06bdcc6cba3 SUCCESS attempt=1 elapsed=497ms prompt='What is artificial intelligence and how does it work?'
2026-07-04T10:05:35.944Z DEBUG 52197 --- [prompt-worker-1] c.e.promptprocessor.worker.PromptWorker  : [Worker:prompt-worker-1] job=56e462c0-8f0e-45de-920e-f06bdcc6cba3 attempt=1/4 prompt='What is a convolutional neural network and when is it used?'
2026-07-04T10:05:35.949Z DEBUG 52197 --- [prompt-worker-4] c.e.promptprocessor.worker.PromptWorker  : [Worker:prompt-worker-4] job=56e462c0-8f0e-45de-920e-f06bdcc6cba3 attempt=2/4 prompt='How does a transformer architecture work in modern AI models...'
2026-07-04T10:05:36.238Z DEBUG 52197 --- [prompt-worker-5] c.e.p.service.MockInferenceService       : [MockInference] call #6 succeeded for prompt 'Explain the concept of overfitting in machine learning model...' in 577ms
2026-07-04T10:05:36.238Z  INFO 52197 --- [prompt-worker-5] c.e.promptprocessor.worker.PromptWorker  : [Worker:prompt-worker-5] job=56e462c0-8f0e-45de-920e-f06bdcc6cba3 SUCCESS attempt=1 elapsed=578ms prompt='Explain the concept of overfitting in machine learning model...'
2026-07-04T10:05:36.238Z DEBUG 52197 --- [prompt-worker-5] c.e.promptprocessor.worker.PromptWorker  : [Worker:prompt-worker-5] job=56e462c0-8f0e-45de-920e-f06bdcc6cba3 attempt=1/4 prompt='Explain the attention mechanism in transformer models.'
2026-07-04T10:05:36.335Z DEBUG 52197 --- [prompt-worker-1] c.e.p.service.MockInferenceService       : [MockInference] call #9 succeeded for prompt 'What is a convolutional neural network and when is it used?' in 390ms
2026-07-04T10:05:36.335Z  INFO 52197 --- [prompt-worker-1] c.e.promptprocessor.worker.PromptWorker  : [Worker:prompt-worker-1] job=56e462c0-8f0e-45de-920e-f06bdcc6cba3 SUCCESS attempt=1 elapsed=391ms prompt='What is a convolutional neural network and when is it used?'
2026-07-04T10:05:36.335Z DEBUG 52197 --- [prompt-worker-1] c.e.promptprocessor.worker.PromptWorker  : [Worker:prompt-worker-1] job=56e462c0-8f0e-45de-920e-f06bdcc6cba3 attempt=1/4 prompt='What is reinforcement learning and give a real-world example...'
2026-07-04T10:05:36.336Z  WARN 52197 --- [prompt-worker-1] c.e.p.service.MockInferenceService       : [MockInference] HTTP 429 — call #12 (every 4th request)
2026-07-04T10:05:36.336Z  WARN 52197 --- [prompt-worker-1] c.e.promptprocessor.worker.PromptWorker  : [Worker:prompt-worker-1] job=56e462c0-8f0e-45de-920e-f06bdcc6cba3 RATE LIMITED (attempt 1/4) prompt='What is reinforcement learning and give a real-world example...' — HTTP 429 Too Many Requests (call #12)
2026-07-04T10:05:36.336Z DEBUG 52197 --- [prompt-worker-1] c.e.promptprocessor.worker.PromptWorker  : [Worker:prompt-worker-1] job=56e462c0-8f0e-45de-920e-f06bdcc6cba3 backing off 500ms before retry attempt=2 prompt='What is reinforcement learning and give a real-world example...'
2026-07-04T10:05:36.354Z DEBUG 52197 --- [prompt-worker-3] c.e.promptprocessor.worker.PromptWorker  : [Worker:prompt-worker-3] job=56e462c0-8f0e-45de-920e-f06bdcc6cba3 attempt=2/4 prompt='How does backpropagation work in a neural network?'
2026-07-04T10:05:36.380Z DEBUG 52197 --- [prompt-worker-2] c.e.p.service.MockInferenceService       : [MockInference] call #7 succeeded for prompt 'What is gradient descent and why is it important in training...' in 585ms
2026-07-04T10:05:36.380Z  INFO 52197 --- [prompt-worker-2] c.e.promptprocessor.worker.PromptWorker  : [Worker:prompt-worker-2] job=56e462c0-8f0e-45de-920e-f06bdcc6cba3 SUCCESS attempt=1 elapsed=589ms prompt='What is gradient descent and why is it important in training...'
2026-07-04T10:05:36.380Z DEBUG 52197 --- [prompt-worker-2] c.e.promptprocessor.worker.PromptWorker  : [Worker:prompt-worker-2] job=56e462c0-8f0e-45de-920e-f06bdcc6cba3 attempt=1/4 prompt='How does transfer learning help in building AI applications?'
2026-07-04T10:05:36.410Z DEBUG 52197 --- [prompt-worker-4] c.e.p.service.MockInferenceService       : [MockInference] call #10 succeeded for prompt 'How does a transformer architecture work in modern AI models...' in 460ms
2026-07-04T10:05:36.410Z  INFO 52197 --- [prompt-worker-4] c.e.promptprocessor.worker.PromptWorker  : [Worker:prompt-worker-4] job=56e462c0-8f0e-45de-920e-f06bdcc6cba3 SUCCESS attempt=2 elapsed=963ms prompt='How does a transformer architecture work in modern AI models...'
2026-07-04T10:05:36.410Z DEBUG 52197 --- [prompt-worker-4] c.e.promptprocessor.worker.PromptWorker  : [Worker:prompt-worker-4] job=56e462c0-8f0e-45de-920e-f06bdcc6cba3 attempt=1/4 prompt='What is the difference between a large language model and a ...'
2026-07-04T10:05:36.609Z DEBUG 52197 --- [prompt-worker-5] c.e.p.service.MockInferenceService       : [MockInference] call #11 succeeded for prompt 'Explain the attention mechanism in transformer models.' in 367ms
2026-07-04T10:05:36.609Z  INFO 52197 --- [prompt-worker-5] c.e.promptprocessor.worker.PromptWorker  : [Worker:prompt-worker-5] job=56e462c0-8f0e-45de-920e-f06bdcc6cba3 SUCCESS attempt=1 elapsed=371ms prompt='Explain the attention mechanism in transformer models.'
2026-07-04T10:05:36.610Z DEBUG 52197 --- [prompt-worker-5] c.e.promptprocessor.worker.PromptWorker  : [Worker:prompt-worker-5] job=56e462c0-8f0e-45de-920e-f06bdcc6cba3 attempt=1/4 prompt='Explain what embeddings are in the context of NLP.'
2026-07-04T10:05:36.610Z  WARN 52197 --- [prompt-worker-5] c.e.p.service.MockInferenceService       : [MockInference] HTTP 429 — call #16 (every 4th request)
2026-07-04T10:05:36.612Z  WARN 52197 --- [prompt-worker-5] c.e.promptprocessor.worker.PromptWorker  : [Worker:prompt-worker-5] job=56e462c0-8f0e-45de-920e-f06bdcc6cba3 RATE LIMITED (attempt 1/4) prompt='Explain what embeddings are in the context of NLP.' — HTTP 429 Too Many Requests (call #16)
2026-07-04T10:05:36.613Z DEBUG 52197 --- [prompt-worker-5] c.e.promptprocessor.worker.PromptWorker  : [Worker:prompt-worker-5] job=56e462c0-8f0e-45de-920e-f06bdcc6cba3 backing off 500ms before retry attempt=2 prompt='Explain what embeddings are in the context of NLP.'
2026-07-04T10:05:36.624Z DEBUG 52197 --- [prompt-worker-4] c.e.p.service.MockInferenceService       : [MockInference] call #15 succeeded for prompt 'What is the difference between a large language model and a ...' in 212ms
2026-07-04T10:05:36.625Z  INFO 52197 --- [prompt-worker-4] c.e.promptprocessor.worker.PromptWorker  : [Worker:prompt-worker-4] job=56e462c0-8f0e-45de-920e-f06bdcc6cba3 SUCCESS attempt=1 elapsed=215ms prompt='What is the difference between a large language model and a ...'
2026-07-04T10:05:36.625Z DEBUG 52197 --- [prompt-worker-4] c.e.promptprocessor.worker.PromptWorker  : [Worker:prompt-worker-4] job=56e462c0-8f0e-45de-920e-f06bdcc6cba3 attempt=1/4 prompt='What is tokenization and why does it matter for language mod...'
2026-07-04T10:05:36.732Z DEBUG 52197 --- [prompt-worker-3] c.e.p.service.MockInferenceService       : [MockInference] call #13 succeeded for prompt 'How does backpropagation work in a neural network?' in 376ms
2026-07-04T10:05:36.734Z  INFO 52197 --- [prompt-worker-3] c.e.promptprocessor.worker.PromptWorker  : [Worker:prompt-worker-3] job=56e462c0-8f0e-45de-920e-f06bdcc6cba3 SUCCESS attempt=2 elapsed=882ms prompt='How does backpropagation work in a neural network?'
2026-07-04T10:05:36.734Z DEBUG 52197 --- [prompt-worker-3] c.e.promptprocessor.worker.PromptWorker  : [Worker:prompt-worker-3] job=56e462c0-8f0e-45de-920e-f06bdcc6cba3 attempt=1/4 prompt='How does sentiment analysis work?'
2026-07-04T10:05:36.839Z DEBUG 52197 --- [prompt-worker-1] c.e.promptprocessor.worker.PromptWorker  : [Worker:prompt-worker-1] job=56e462c0-8f0e-45de-920e-f06bdcc6cba3 attempt=2/4 prompt='What is reinforcement learning and give a real-world example...'
2026-07-04T10:05:36.926Z DEBUG 52197 --- [prompt-worker-2] c.e.p.service.MockInferenceService       : [MockInference] call #14 succeeded for prompt 'How does transfer learning help in building AI applications?' in 538ms
2026-07-04T10:05:36.929Z  INFO 52197 --- [prompt-worker-2] c.e.promptprocessor.worker.PromptWorker  : [Worker:prompt-worker-2] job=56e462c0-8f0e-45de-920e-f06bdcc6cba3 SUCCESS attempt=1 elapsed=549ms prompt='How does transfer learning help in building AI applications?'
2026-07-04T10:05:36.929Z DEBUG 52197 --- [prompt-worker-2] c.e.promptprocessor.worker.PromptWorker  : [Worker:prompt-worker-2] job=56e462c0-8f0e-45de-920e-f06bdcc6cba3 attempt=1/4 prompt='What is named entity recognition and what are its use cases?'
2026-07-04T10:05:36.929Z  WARN 52197 --- [prompt-worker-2] c.e.p.service.MockInferenceService       : [MockInference] HTTP 429 — call #20 (every 4th request)
2026-07-04T10:05:36.930Z  WARN 52197 --- [prompt-worker-2] c.e.promptprocessor.worker.PromptWorker  : [Worker:prompt-worker-2] job=56e462c0-8f0e-45de-920e-f06bdcc6cba3 RATE LIMITED (attempt 1/4) prompt='What is named entity recognition and what are its use cases?' — HTTP 429 Too Many Requests (call #20)
2026-07-04T10:05:36.930Z DEBUG 52197 --- [prompt-worker-2] c.e.promptprocessor.worker.PromptWorker  : [Worker:prompt-worker-2] job=56e462c0-8f0e-45de-920e-f06bdcc6cba3 backing off 500ms before retry attempt=2 prompt='What is named entity recognition and what are its use cases?'
2026-07-04T10:05:37.116Z DEBUG 52197 --- [prompt-worker-5] c.e.promptprocessor.worker.PromptWorker  : [Worker:prompt-worker-5] job=56e462c0-8f0e-45de-920e-f06bdcc6cba3 attempt=2/4 prompt='Explain what embeddings are in the context of NLP.'
2026-07-04T10:05:37.178Z DEBUG 52197 --- [prompt-worker-4] c.e.p.service.MockInferenceService       : [MockInference] call #17 succeeded for prompt 'What is tokenization and why does it matter for language mod...' in 550ms
2026-07-04T10:05:37.178Z  INFO 52197 --- [prompt-worker-4] c.e.promptprocessor.worker.PromptWorker  : [Worker:prompt-worker-4] job=56e462c0-8f0e-45de-920e-f06bdcc6cba3 SUCCESS attempt=1 elapsed=553ms prompt='What is tokenization and why does it matter for language mod...'
2026-07-04T10:05:37.178Z DEBUG 52197 --- [prompt-worker-4] c.e.promptprocessor.worker.PromptWorker  : [Worker:prompt-worker-4] job=56e462c0-8f0e-45de-920e-f06bdcc6cba3 attempt=1/4 prompt='Explain the concept of fine-tuning a pre-trained model.'
2026-07-04T10:05:37.310Z DEBUG 52197 --- [prompt-worker-3] c.e.p.service.MockInferenceService       : [MockInference] call #18 succeeded for prompt 'How does sentiment analysis work?' in 572ms
2026-07-04T10:05:37.311Z  INFO 52197 --- [prompt-worker-3] c.e.promptprocessor.worker.PromptWorker  : [Worker:prompt-worker-3] job=56e462c0-8f0e-45de-920e-f06bdcc6cba3 SUCCESS attempt=1 elapsed=577ms prompt='How does sentiment analysis work?'
2026-07-04T10:05:37.311Z DEBUG 52197 --- [prompt-worker-3] c.e.promptprocessor.worker.PromptWorker  : [Worker:prompt-worker-3] job=56e462c0-8f0e-45de-920e-f06bdcc6cba3 attempt=1/4 prompt='What is zero-shot learning in machine learning?'
2026-07-04T10:05:37.343Z DEBUG 52197 --- [prompt-worker-1] c.e.p.service.MockInferenceService       : [MockInference] call #19 succeeded for prompt 'What is reinforcement learning and give a real-world example...' in 499ms
2026-07-04T10:05:37.344Z  INFO 52197 --- [prompt-worker-1] c.e.promptprocessor.worker.PromptWorker  : [Worker:prompt-worker-1] job=56e462c0-8f0e-45de-920e-f06bdcc6cba3 SUCCESS attempt=2 elapsed=1009ms prompt='What is reinforcement learning and give a real-world example...'
2026-07-04T10:05:37.344Z DEBUG 52197 --- [prompt-worker-1] c.e.promptprocessor.worker.PromptWorker  : [Worker:prompt-worker-1] job=56e462c0-8f0e-45de-920e-f06bdcc6cba3 attempt=1/4 prompt='How does retrieval-augmented generation (RAG) improve AI res...'
2026-07-04T10:05:37.344Z  WARN 52197 --- [prompt-worker-1] c.e.p.service.MockInferenceService       : [MockInference] HTTP 429 — call #24 (every 4th request)
2026-07-04T10:05:37.345Z  WARN 52197 --- [prompt-worker-1] c.e.promptprocessor.worker.PromptWorker  : [Worker:prompt-worker-1] job=56e462c0-8f0e-45de-920e-f06bdcc6cba3 RATE LIMITED (attempt 1/4) prompt='How does retrieval-augmented generation (RAG) improve AI res...' — HTTP 429 Too Many Requests (call #24)
2026-07-04T10:05:37.345Z DEBUG 52197 --- [prompt-worker-1] c.e.promptprocessor.worker.PromptWorker  : [Worker:prompt-worker-1] job=56e462c0-8f0e-45de-920e-f06bdcc6cba3 backing off 500ms before retry attempt=2 prompt='How does retrieval-augmented generation (RAG) improve AI res...'
2026-07-04T10:05:37.432Z DEBUG 52197 --- [prompt-worker-2] c.e.promptprocessor.worker.PromptWorker  : [Worker:prompt-worker-2] job=56e462c0-8f0e-45de-920e-f06bdcc6cba3 attempt=2/4 prompt='What is named entity recognition and what are its use cases?'
2026-07-04T10:05:37.469Z DEBUG 52197 --- [prompt-worker-4] c.e.p.service.MockInferenceService       : [MockInference] call #22 succeeded for prompt 'Explain the concept of fine-tuning a pre-trained model.' in 289ms
2026-07-04T10:05:37.469Z  INFO 52197 --- [prompt-worker-4] c.e.promptprocessor.worker.PromptWorker  : [Worker:prompt-worker-4] job=56e462c0-8f0e-45de-920e-f06bdcc6cba3 SUCCESS attempt=1 elapsed=291ms prompt='Explain the concept of fine-tuning a pre-trained model.'
2026-07-04T10:05:37.470Z DEBUG 52197 --- [prompt-worker-4] c.e.promptprocessor.worker.PromptWorker  : [Worker:prompt-worker-4] job=56e462c0-8f0e-45de-920e-f06bdcc6cba3 attempt=1/4 prompt='What are the ethical concerns around using AI in hiring deci...'
2026-07-04T10:05:37.480Z DEBUG 52197 --- [prompt-worker-5] c.e.p.service.MockInferenceService       : [MockInference] call #21 succeeded for prompt 'Explain what embeddings are in the context of NLP.' in 361ms
2026-07-04T10:05:37.481Z  INFO 52197 --- [prompt-worker-5] c.e.promptprocessor.worker.PromptWorker  : [Worker:prompt-worker-5] job=56e462c0-8f0e-45de-920e-f06bdcc6cba3 SUCCESS attempt=2 elapsed=871ms prompt='Explain what embeddings are in the context of NLP.'
2026-07-04T10:05:37.481Z DEBUG 52197 --- [prompt-worker-5] c.e.promptprocessor.worker.PromptWorker  : [Worker:prompt-worker-5] job=56e462c0-8f0e-45de-920e-f06bdcc6cba3 attempt=1/4 prompt='Explain the concept of AI hallucination and how to reduce it...'
2026-07-04T10:05:37.557Z DEBUG 52197 --- [prompt-worker-3] c.e.p.service.MockInferenceService       : [MockInference] call #23 succeeded for prompt 'What is zero-shot learning in machine learning?' in 245ms
2026-07-04T10:05:37.558Z  INFO 52197 --- [prompt-worker-3] c.e.promptprocessor.worker.PromptWorker  : [Worker:prompt-worker-3] job=56e462c0-8f0e-45de-920e-f06bdcc6cba3 SUCCESS attempt=1 elapsed=247ms prompt='What is zero-shot learning in machine learning?'
2026-07-04T10:05:37.558Z DEBUG 52197 --- [prompt-worker-3] c.e.promptprocessor.worker.PromptWorker  : [Worker:prompt-worker-3] job=56e462c0-8f0e-45de-920e-f06bdcc6cba3 attempt=1/4 prompt='What is the difference between precision and recall in class...'
2026-07-04T10:05:37.558Z  WARN 52197 --- [prompt-worker-3] c.e.p.service.MockInferenceService       : [MockInference] HTTP 429 — call #28 (every 4th request)
2026-07-04T10:05:37.559Z  WARN 52197 --- [prompt-worker-3] c.e.promptprocessor.worker.PromptWorker  : [Worker:prompt-worker-3] job=56e462c0-8f0e-45de-920e-f06bdcc6cba3 RATE LIMITED (attempt 1/4) prompt='What is the difference between precision and recall in class...' — HTTP 429 Too Many Requests (call #28)
2026-07-04T10:05:37.559Z DEBUG 52197 --- [prompt-worker-3] c.e.promptprocessor.worker.PromptWorker  : [Worker:prompt-worker-3] job=56e462c0-8f0e-45de-920e-f06bdcc6cba3 backing off 500ms before retry attempt=2 prompt='What is the difference between precision and recall in class...'
2026-07-04T10:05:37.695Z DEBUG 52197 --- [prompt-worker-2] c.e.p.service.MockInferenceService       : [MockInference] call #25 succeeded for prompt 'What is named entity recognition and what are its use cases?' in 258ms
2026-07-04T10:05:37.696Z  INFO 52197 --- [prompt-worker-2] c.e.promptprocessor.worker.PromptWorker  : [Worker:prompt-worker-2] job=56e462c0-8f0e-45de-920e-f06bdcc6cba3 SUCCESS attempt=2 elapsed=767ms prompt='What is named entity recognition and what are its use cases?'
2026-07-04T10:05:37.696Z DEBUG 52197 --- [prompt-worker-2] c.e.promptprocessor.worker.PromptWorker  : [Worker:prompt-worker-2] job=56e462c0-8f0e-45de-920e-f06bdcc6cba3 attempt=1/4 prompt='How does a recommendation system work?'
2026-07-04T10:05:37.849Z DEBUG 52197 --- [prompt-worker-1] c.e.promptprocessor.worker.PromptWorker  : [Worker:prompt-worker-1] job=56e462c0-8f0e-45de-920e-f06bdcc6cba3 attempt=2/4 prompt='How does retrieval-augmented generation (RAG) improve AI res...'
2026-07-04T10:05:37.916Z DEBUG 52197 --- [prompt-worker-4] c.e.p.service.MockInferenceService       : [MockInference] call #26 succeeded for prompt 'What are the ethical concerns around using AI in hiring deci...' in 444ms
2026-07-04T10:05:37.917Z  INFO 52197 --- [prompt-worker-4] c.e.promptprocessor.worker.PromptWorker  : [Worker:prompt-worker-4] job=56e462c0-8f0e-45de-920e-f06bdcc6cba3 SUCCESS attempt=1 elapsed=447ms prompt='What are the ethical concerns around using AI in hiring deci...'
2026-07-04T10:05:37.917Z DEBUG 52197 --- [prompt-worker-4] c.e.promptprocessor.worker.PromptWorker  : [Worker:prompt-worker-4] job=56e462c0-8f0e-45de-920e-f06bdcc6cba3 attempt=1/4 prompt='What is feature engineering and why is it important?'
2026-07-04T10:05:38.062Z DEBUG 52197 --- [prompt-worker-3] c.e.promptprocessor.worker.PromptWorker  : [Worker:prompt-worker-3] job=56e462c0-8f0e-45de-920e-f06bdcc6cba3 attempt=2/4 prompt='What is the difference between precision and recall in class...'
2026-07-04T10:05:38.066Z  WARN 52197 --- [prompt-worker-3] c.e.p.service.MockInferenceService       : [MockInference] HTTP 429 — call #32 (every 4th request)
2026-07-04T10:05:38.066Z  WARN 52197 --- [prompt-worker-3] c.e.promptprocessor.worker.PromptWorker  : [Worker:prompt-worker-3] job=56e462c0-8f0e-45de-920e-f06bdcc6cba3 RATE LIMITED (attempt 2/4) prompt='What is the difference between precision and recall in class...' — HTTP 429 Too Many Requests (call #32)
2026-07-04T10:05:38.066Z DEBUG 52197 --- [prompt-worker-3] c.e.promptprocessor.worker.PromptWorker  : [Worker:prompt-worker-3] job=56e462c0-8f0e-45de-920e-f06bdcc6cba3 backing off 500ms before retry attempt=3 prompt='What is the difference between precision and recall in class...'
2026-07-04T10:05:38.070Z DEBUG 52197 --- [prompt-worker-5] c.e.p.service.MockInferenceService       : [MockInference] call #27 succeeded for prompt 'Explain the concept of AI hallucination and how to reduce it...' in 584ms
2026-07-04T10:05:38.070Z  INFO 52197 --- [prompt-worker-5] c.e.promptprocessor.worker.PromptWorker  : [Worker:prompt-worker-5] job=56e462c0-8f0e-45de-920e-f06bdcc6cba3 SUCCESS attempt=1 elapsed=589ms prompt='Explain the concept of AI hallucination and how to reduce it...'
2026-07-04T10:05:38.070Z DEBUG 52197 --- [prompt-worker-5] c.e.promptprocessor.worker.PromptWorker  : [Worker:prompt-worker-5] job=56e462c0-8f0e-45de-920e-f06bdcc6cba3 attempt=1/4 prompt='Explain the curse of dimensionality in machine learning.'
2026-07-04T10:05:38.187Z DEBUG 52197 --- [prompt-worker-2] c.e.p.service.MockInferenceService       : [MockInference] call #29 succeeded for prompt 'How does a recommendation system work?' in 486ms
2026-07-04T10:05:38.188Z  INFO 52197 --- [prompt-worker-2] c.e.promptprocessor.worker.PromptWorker  : [Worker:prompt-worker-2] job=56e462c0-8f0e-45de-920e-f06bdcc6cba3 SUCCESS attempt=1 elapsed=491ms prompt='How does a recommendation system work?'
2026-07-04T10:05:38.188Z DEBUG 52197 --- [prompt-worker-2] c.e.promptprocessor.worker.PromptWorker  : [Worker:prompt-worker-2] job=56e462c0-8f0e-45de-920e-f06bdcc6cba3 attempt=1/4 prompt='What is a generative adversarial network (GAN)?'
2026-07-04T10:05:38.299Z DEBUG 52197 --- [prompt-worker-1] c.e.p.service.MockInferenceService       : [MockInference] call #30 succeeded for prompt 'How does retrieval-augmented generation (RAG) improve AI res...' in 448ms
2026-07-04T10:05:38.299Z  INFO 52197 --- [prompt-worker-1] c.e.promptprocessor.worker.PromptWorker  : [Worker:prompt-worker-1] job=56e462c0-8f0e-45de-920e-f06bdcc6cba3 SUCCESS attempt=2 elapsed=955ms prompt='How does retrieval-augmented generation (RAG) improve AI res...'
2026-07-04T10:05:38.299Z DEBUG 52197 --- [prompt-worker-1] c.e.promptprocessor.worker.PromptWorker  : [Worker:prompt-worker-1] job=56e462c0-8f0e-45de-920e-f06bdcc6cba3 attempt=1/4 prompt='How does image segmentation differ from object detection?'
2026-07-04T10:05:38.446Z DEBUG 52197 --- [prompt-worker-4] c.e.p.service.MockInferenceService       : [MockInference] call #31 succeeded for prompt 'What is feature engineering and why is it important?' in 528ms
2026-07-04T10:05:38.447Z  INFO 52197 --- [prompt-worker-4] c.e.promptprocessor.worker.PromptWorker  : [Worker:prompt-worker-4] job=56e462c0-8f0e-45de-920e-f06bdcc6cba3 SUCCESS attempt=1 elapsed=530ms prompt='What is feature engineering and why is it important?'
2026-07-04T10:05:38.447Z DEBUG 52197 --- [prompt-worker-4] c.e.promptprocessor.worker.PromptWorker  : [Worker:prompt-worker-4] job=56e462c0-8f0e-45de-920e-f06bdcc6cba3 attempt=1/4 prompt='What is the role of a loss function in training a model?'
2026-07-04T10:05:38.447Z  WARN 52197 --- [prompt-worker-4] c.e.p.service.MockInferenceService       : [MockInference] HTTP 429 — call #36 (every 4th request)
2026-07-04T10:05:38.450Z  WARN 52197 --- [prompt-worker-4] c.e.promptprocessor.worker.PromptWorker  : [Worker:prompt-worker-4] job=56e462c0-8f0e-45de-920e-f06bdcc6cba3 RATE LIMITED (attempt 1/4) prompt='What is the role of a loss function in training a model?' — HTTP 429 Too Many Requests (call #36)
2026-07-04T10:05:38.450Z DEBUG 52197 --- [prompt-worker-4] c.e.promptprocessor.worker.PromptWorker  : [Worker:prompt-worker-4] job=56e462c0-8f0e-45de-920e-f06bdcc6cba3 backing off 500ms before retry attempt=2 prompt='What is the role of a loss function in training a model?'
2026-07-04T10:05:38.560Z DEBUG 52197 --- [prompt-worker-1] c.e.p.service.MockInferenceService       : [MockInference] call #35 succeeded for prompt 'How does image segmentation differ from object detection?' in 257ms
2026-07-04T10:05:38.561Z  INFO 52197 --- [prompt-worker-1] c.e.promptprocessor.worker.PromptWorker  : [Worker:prompt-worker-1] job=56e462c0-8f0e-45de-920e-f06bdcc6cba3 SUCCESS attempt=1 elapsed=262ms prompt='How does image segmentation differ from object detection?'
2026-07-04T10:05:38.561Z DEBUG 52197 --- [prompt-worker-1] c.e.promptprocessor.worker.PromptWorker  : [Worker:prompt-worker-1] job=56e462c0-8f0e-45de-920e-f06bdcc6cba3 attempt=1/4 prompt='Explain bias-variance tradeoff in simple terms.'
2026-07-04T10:05:38.567Z DEBUG 52197 --- [prompt-worker-3] c.e.promptprocessor.worker.PromptWorker  : [Worker:prompt-worker-3] job=56e462c0-8f0e-45de-920e-f06bdcc6cba3 attempt=3/4 prompt='What is the difference between precision and recall in class...'
2026-07-04T10:05:38.613Z DEBUG 52197 --- [prompt-worker-5] c.e.p.service.MockInferenceService       : [MockInference] call #33 succeeded for prompt 'Explain the curse of dimensionality in machine learning.' in 536ms
2026-07-04T10:05:38.613Z  INFO 52197 --- [prompt-worker-5] c.e.promptprocessor.worker.PromptWorker  : [Worker:prompt-worker-5] job=56e462c0-8f0e-45de-920e-f06bdcc6cba3 SUCCESS attempt=1 elapsed=543ms prompt='Explain the curse of dimensionality in machine learning.'
2026-07-04T10:05:38.614Z DEBUG 52197 --- [prompt-worker-5] c.e.promptprocessor.worker.PromptWorker  : [Worker:prompt-worker-5] job=56e462c0-8f0e-45de-920e-f06bdcc6cba3 attempt=1/4 prompt='What is cross-validation and why is it used?'
2026-07-04T10:05:38.686Z DEBUG 52197 --- [prompt-worker-2] c.e.p.service.MockInferenceService       : [MockInference] call #34 succeeded for prompt 'What is a generative adversarial network (GAN)?' in 496ms
2026-07-04T10:05:38.687Z  INFO 52197 --- [prompt-worker-2] c.e.promptprocessor.worker.PromptWorker  : [Worker:prompt-worker-2] job=56e462c0-8f0e-45de-920e-f06bdcc6cba3 SUCCESS attempt=1 elapsed=499ms prompt='What is a generative adversarial network (GAN)?'
2026-07-04T10:05:38.688Z DEBUG 52197 --- [prompt-worker-2] c.e.promptprocessor.worker.PromptWorker  : [Worker:prompt-worker-2] job=56e462c0-8f0e-45de-920e-f06bdcc6cba3 attempt=1/4 prompt='How does principal component analysis (PCA) work?'
2026-07-04T10:05:38.691Z  WARN 52197 --- [prompt-worker-2] c.e.p.service.MockInferenceService       : [MockInference] HTTP 429 — call #40 (every 4th request)
2026-07-04T10:05:38.691Z  WARN 52197 --- [prompt-worker-2] c.e.promptprocessor.worker.PromptWorker  : [Worker:prompt-worker-2] job=56e462c0-8f0e-45de-920e-f06bdcc6cba3 RATE LIMITED (attempt 1/4) prompt='How does principal component analysis (PCA) work?' — HTTP 429 Too Many Requests (call #40)
2026-07-04T10:05:38.691Z DEBUG 52197 --- [prompt-worker-2] c.e.promptprocessor.worker.PromptWorker  : [Worker:prompt-worker-2] job=56e462c0-8f0e-45de-920e-f06bdcc6cba3 backing off 500ms before retry attempt=2 prompt='How does principal component analysis (PCA) work?'
2026-07-04T10:05:38.833Z DEBUG 52197 --- [prompt-worker-5] c.e.p.service.MockInferenceService       : [MockInference] call #39 succeeded for prompt 'What is cross-validation and why is it used?' in 213ms
2026-07-04T10:05:38.838Z  INFO 52197 --- [prompt-worker-5] c.e.promptprocessor.worker.PromptWorker  : [Worker:prompt-worker-5] job=56e462c0-8f0e-45de-920e-f06bdcc6cba3 SUCCESS attempt=1 elapsed=224ms prompt='What is cross-validation and why is it used?'
2026-07-04T10:05:38.839Z DEBUG 52197 --- [prompt-worker-5] c.e.promptprocessor.worker.PromptWorker  : [Worker:prompt-worker-5] job=56e462c0-8f0e-45de-920e-f06bdcc6cba3 attempt=1/4 prompt='What is k-means clustering and where is it applied?'
2026-07-04T10:05:38.951Z DEBUG 52197 --- [prompt-worker-1] c.e.p.service.MockInferenceService       : [MockInference] call #37 succeeded for prompt 'Explain bias-variance tradeoff in simple terms.' in 387ms
2026-07-04T10:05:38.956Z  INFO 52197 --- [prompt-worker-1] c.e.promptprocessor.worker.PromptWorker  : [Worker:prompt-worker-1] job=56e462c0-8f0e-45de-920e-f06bdcc6cba3 SUCCESS attempt=1 elapsed=394ms prompt='Explain bias-variance tradeoff in simple terms.'
2026-07-04T10:05:38.957Z DEBUG 52197 --- [prompt-worker-1] c.e.promptprocessor.worker.PromptWorker  : [Worker:prompt-worker-1] job=56e462c0-8f0e-45de-920e-f06bdcc6cba3 attempt=1/4 prompt='Explain the concept of a confusion matrix.'
2026-07-04T10:05:38.958Z DEBUG 52197 --- [prompt-worker-4] c.e.promptprocessor.worker.PromptWorker  : [Worker:prompt-worker-4] job=56e462c0-8f0e-45de-920e-f06bdcc6cba3 attempt=2/4 prompt='What is the role of a loss function in training a model?'
2026-07-04T10:05:39.059Z DEBUG 52197 --- [prompt-worker-3] c.e.p.service.MockInferenceService       : [MockInference] call #38 succeeded for prompt 'What is the difference between precision and recall in class...' in 487ms
2026-07-04T10:05:39.059Z  INFO 52197 --- [prompt-worker-3] c.e.promptprocessor.worker.PromptWorker  : [Worker:prompt-worker-3] job=56e462c0-8f0e-45de-920e-f06bdcc6cba3 SUCCESS attempt=3 elapsed=1501ms prompt='What is the difference between precision and recall in class...'
2026-07-04T10:05:39.060Z DEBUG 52197 --- [prompt-worker-3] c.e.promptprocessor.worker.PromptWorker  : [Worker:prompt-worker-3] job=56e462c0-8f0e-45de-920e-f06bdcc6cba3 attempt=1/4 prompt='What is an autoencoder and what is it used for?'
2026-07-04T10:05:39.060Z  WARN 52197 --- [prompt-worker-3] c.e.p.service.MockInferenceService       : [MockInference] HTTP 429 — call #44 (every 4th request)
2026-07-04T10:05:39.062Z  WARN 52197 --- [prompt-worker-3] c.e.promptprocessor.worker.PromptWorker  : [Worker:prompt-worker-3] job=56e462c0-8f0e-45de-920e-f06bdcc6cba3 RATE LIMITED (attempt 1/4) prompt='What is an autoencoder and what is it used for?' — HTTP 429 Too Many Requests (call #44)
2026-07-04T10:05:39.062Z DEBUG 52197 --- [prompt-worker-3] c.e.promptprocessor.worker.PromptWorker  : [Worker:prompt-worker-3] job=56e462c0-8f0e-45de-920e-f06bdcc6cba3 backing off 500ms before retry attempt=2 prompt='What is an autoencoder and what is it used for?'
2026-07-04T10:05:39.161Z DEBUG 52197 --- [prompt-worker-1] c.e.p.service.MockInferenceService       : [MockInference] call #42 succeeded for prompt 'Explain the concept of a confusion matrix.' in 201ms
2026-07-04T10:05:39.162Z  INFO 52197 --- [prompt-worker-1] c.e.promptprocessor.worker.PromptWorker  : [Worker:prompt-worker-1] job=56e462c0-8f0e-45de-920e-f06bdcc6cba3 SUCCESS attempt=1 elapsed=205ms prompt='Explain the concept of a confusion matrix.'
2026-07-04T10:05:39.162Z DEBUG 52197 --- [prompt-worker-1] c.e.promptprocessor.worker.PromptWorker  : [Worker:prompt-worker-1] job=56e462c0-8f0e-45de-920e-f06bdcc6cba3 attempt=1/4 prompt='How does BERT differ from GPT in its architecture?'
2026-07-04T10:05:39.194Z DEBUG 52197 --- [prompt-worker-2] c.e.promptprocessor.worker.PromptWorker  : [Worker:prompt-worker-2] job=56e462c0-8f0e-45de-920e-f06bdcc6cba3 attempt=2/4 prompt='How does principal component analysis (PCA) work?'
2026-07-04T10:05:39.270Z DEBUG 52197 --- [prompt-worker-4] c.e.p.service.MockInferenceService       : [MockInference] call #43 succeeded for prompt 'What is the role of a loss function in training a model?' in 301ms
2026-07-04T10:05:39.271Z  INFO 52197 --- [prompt-worker-4] c.e.promptprocessor.worker.PromptWorker  : [Worker:prompt-worker-4] job=56e462c0-8f0e-45de-920e-f06bdcc6cba3 SUCCESS attempt=2 elapsed=824ms prompt='What is the role of a loss function in training a model?'
2026-07-04T10:05:39.271Z DEBUG 52197 --- [prompt-worker-4] c.e.promptprocessor.worker.PromptWorker  : [Worker:prompt-worker-4] job=56e462c0-8f0e-45de-920e-f06bdcc6cba3 attempt=1/4 prompt='What is multimodal AI and give an example?'
2026-07-04T10:05:39.412Z DEBUG 52197 --- [prompt-worker-5] c.e.p.service.MockInferenceService       : [MockInference] call #41 succeeded for prompt 'What is k-means clustering and where is it applied?' in 572ms
2026-07-04T10:05:39.413Z  INFO 52197 --- [prompt-worker-5] c.e.promptprocessor.worker.PromptWorker  : [Worker:prompt-worker-5] job=56e462c0-8f0e-45de-920e-f06bdcc6cba3 SUCCESS attempt=1 elapsed=574ms prompt='What is k-means clustering and where is it applied?'
2026-07-04T10:05:39.413Z DEBUG 52197 --- [prompt-worker-5] c.e.promptprocessor.worker.PromptWorker  : [Worker:prompt-worker-5] job=56e462c0-8f0e-45de-920e-f06bdcc6cba3 attempt=1/4 prompt='Explain the concept of prompt engineering.'
2026-07-04T10:05:39.413Z  WARN 52197 --- [prompt-worker-5] c.e.p.service.MockInferenceService       : [MockInference] HTTP 429 — call #48 (every 4th request)
2026-07-04T10:05:39.414Z  WARN 52197 --- [prompt-worker-5] c.e.promptprocessor.worker.PromptWorker  : [Worker:prompt-worker-5] job=56e462c0-8f0e-45de-920e-f06bdcc6cba3 RATE LIMITED (attempt 1/4) prompt='Explain the concept of prompt engineering.' — HTTP 429 Too Many Requests (call #48)
2026-07-04T10:05:39.420Z DEBUG 52197 --- [prompt-worker-5] c.e.promptprocessor.worker.PromptWorker  : [Worker:prompt-worker-5] job=56e462c0-8f0e-45de-920e-f06bdcc6cba3 backing off 500ms before retry attempt=2 prompt='Explain the concept of prompt engineering.'
2026-07-04T10:05:39.473Z DEBUG 52197 --- [prompt-worker-2] c.e.p.service.MockInferenceService       : [MockInference] call #46 succeeded for prompt 'How does principal component analysis (PCA) work?' in 274ms
2026-07-04T10:05:39.474Z  INFO 52197 --- [prompt-worker-2] c.e.promptprocessor.worker.PromptWorker  : [Worker:prompt-worker-2] job=56e462c0-8f0e-45de-920e-f06bdcc6cba3 SUCCESS attempt=2 elapsed=786ms prompt='How does principal component analysis (PCA) work?'
2026-07-04T10:05:39.474Z DEBUG 52197 --- [prompt-worker-2] c.e.promptprocessor.worker.PromptWorker  : [Worker:prompt-worker-2] job=56e462c0-8f0e-45de-920e-f06bdcc6cba3 attempt=1/4 prompt='What is chain-of-thought prompting?'
2026-07-04T10:05:39.528Z DEBUG 52197 --- [prompt-worker-1] c.e.p.service.MockInferenceService       : [MockInference] call #45 succeeded for prompt 'How does BERT differ from GPT in its architecture?' in 362ms
2026-07-04T10:05:39.528Z  INFO 52197 --- [prompt-worker-1] c.e.promptprocessor.worker.PromptWorker  : [Worker:prompt-worker-1] job=56e462c0-8f0e-45de-920e-f06bdcc6cba3 SUCCESS attempt=1 elapsed=366ms prompt='How does BERT differ from GPT in its architecture?'
2026-07-04T10:05:39.528Z DEBUG 52197 --- [prompt-worker-1] c.e.promptprocessor.worker.PromptWorker  : [Worker:prompt-worker-1] job=56e462c0-8f0e-45de-920e-f06bdcc6cba3 attempt=1/4 prompt='How does temperature affect the output of a language model?'
2026-07-04T10:05:39.566Z DEBUG 52197 --- [prompt-worker-3] c.e.promptprocessor.worker.PromptWorker  : [Worker:prompt-worker-3] job=56e462c0-8f0e-45de-920e-f06bdcc6cba3 attempt=2/4 prompt='What is an autoencoder and what is it used for?'
2026-07-04T10:05:39.854Z DEBUG 52197 --- [prompt-worker-2] c.e.p.service.MockInferenceService       : [MockInference] call #49 succeeded for prompt 'What is chain-of-thought prompting?' in 373ms
2026-07-04T10:05:39.854Z  INFO 52197 --- [prompt-worker-2] c.e.promptprocessor.worker.PromptWorker  : [Worker:prompt-worker-2] job=56e462c0-8f0e-45de-920e-f06bdcc6cba3 SUCCESS attempt=1 elapsed=380ms prompt='What is chain-of-thought prompting?'
2026-07-04T10:05:39.855Z DEBUG 52197 --- [prompt-worker-2] c.e.promptprocessor.worker.PromptWorker  : [Worker:prompt-worker-2] job=56e462c0-8f0e-45de-920e-f06bdcc6cba3 attempt=1/4 prompt='What is the difference between AI, ML, DL, and generative AI...'
2026-07-04T10:05:39.855Z  WARN 52197 --- [prompt-worker-2] c.e.p.service.MockInferenceService       : [MockInference] HTTP 429 — call #52 (every 4th request)
2026-07-04T10:05:39.855Z  WARN 52197 --- [prompt-worker-2] c.e.promptprocessor.worker.PromptWorker  : [Worker:prompt-worker-2] job=56e462c0-8f0e-45de-920e-f06bdcc6cba3 RATE LIMITED (attempt 1/4) prompt='What is the difference between AI, ML, DL, and generative AI...' — HTTP 429 Too Many Requests (call #52)
2026-07-04T10:05:39.855Z DEBUG 52197 --- [prompt-worker-2] c.e.promptprocessor.worker.PromptWorker  : [Worker:prompt-worker-2] job=56e462c0-8f0e-45de-920e-f06bdcc6cba3 backing off 500ms before retry attempt=2 prompt='What is the difference between AI, ML, DL, and generative AI...'
2026-07-04T10:05:39.862Z DEBUG 52197 --- [prompt-worker-1] c.e.p.service.MockInferenceService       : [MockInference] call #50 succeeded for prompt 'How does temperature affect the output of a language model?' in 332ms
2026-07-04T10:05:39.862Z  INFO 52197 --- [prompt-worker-1] c.e.promptprocessor.worker.PromptWorker  : [Worker:prompt-worker-1] job=56e462c0-8f0e-45de-920e-f06bdcc6cba3 SUCCESS attempt=1 elapsed=334ms prompt='How does temperature affect the output of a language model?'
2026-07-04T10:05:39.862Z DEBUG 52197 --- [prompt-worker-1] c.e.promptprocessor.worker.PromptWorker  : [Worker:prompt-worker-1] job=56e462c0-8f0e-45de-920e-f06bdcc6cba3 attempt=1/4 prompt='How can AI be used to detect fraudulent transactions?'
2026-07-04T10:05:39.873Z DEBUG 52197 --- [prompt-worker-4] c.e.p.service.MockInferenceService       : [MockInference] call #47 succeeded for prompt 'What is multimodal AI and give an example?' in 600ms
2026-07-04T10:05:39.873Z  INFO 52197 --- [prompt-worker-4] c.e.promptprocessor.worker.PromptWorker  : [Worker:prompt-worker-4] job=56e462c0-8f0e-45de-920e-f06bdcc6cba3 SUCCESS attempt=1 elapsed=602ms prompt='What is multimodal AI and give an example?'
2026-07-04T10:05:39.873Z DEBUG 52197 --- [prompt-worker-4] c.e.promptprocessor.worker.PromptWorker  : [Worker:prompt-worker-4] job=56e462c0-8f0e-45de-920e-f06bdcc6cba3 attempt=1/4 prompt='What is federated learning and why is it privacy-preserving?'
2026-07-04T10:05:39.925Z DEBUG 52197 --- [prompt-worker-5] c.e.promptprocessor.worker.PromptWorker  : [Worker:prompt-worker-5] job=56e462c0-8f0e-45de-920e-f06bdcc6cba3 attempt=2/4 prompt='Explain the concept of prompt engineering.'
2026-07-04T10:05:40.135Z DEBUG 52197 --- [prompt-worker-3] c.e.p.service.MockInferenceService       : [MockInference] call #51 succeeded for prompt 'What is an autoencoder and what is it used for?' in 565ms
2026-07-04T10:05:40.136Z  INFO 52197 --- [prompt-worker-3] c.e.promptprocessor.worker.PromptWorker  : [Worker:prompt-worker-3] job=56e462c0-8f0e-45de-920e-f06bdcc6cba3 SUCCESS attempt=2 elapsed=1076ms prompt='What is an autoencoder and what is it used for?'
2026-07-04T10:05:40.136Z DEBUG 52197 --- [prompt-worker-3] c.e.promptprocessor.worker.PromptWorker  : [Worker:prompt-worker-3] job=56e462c0-8f0e-45de-920e-f06bdcc6cba3 attempt=1/4 prompt='Explain what a vector database is and how it is used in AI.'
2026-07-04T10:05:40.137Z  WARN 52197 --- [prompt-worker-3] c.e.p.service.MockInferenceService       : [MockInference] HTTP 429 — call #56 (every 4th request)
2026-07-04T10:05:40.137Z  WARN 52197 --- [prompt-worker-3] c.e.promptprocessor.worker.PromptWorker  : [Worker:prompt-worker-3] job=56e462c0-8f0e-45de-920e-f06bdcc6cba3 RATE LIMITED (attempt 1/4) prompt='Explain what a vector database is and how it is used in AI.' — HTTP 429 Too Many Requests (call #56)
2026-07-04T10:05:40.138Z DEBUG 52197 --- [prompt-worker-3] c.e.promptprocessor.worker.PromptWorker  : [Worker:prompt-worker-3] job=56e462c0-8f0e-45de-920e-f06bdcc6cba3 backing off 500ms before retry attempt=2 prompt='Explain what a vector database is and how it is used in AI.'
2026-07-04T10:05:40.306Z DEBUG 52197 --- [prompt-worker-5] c.e.p.service.MockInferenceService       : [MockInference] call #55 succeeded for prompt 'Explain the concept of prompt engineering.' in 376ms
2026-07-04T10:05:40.307Z  INFO 52197 --- [prompt-worker-5] c.e.promptprocessor.worker.PromptWorker  : [Worker:prompt-worker-5] job=56e462c0-8f0e-45de-920e-f06bdcc6cba3 SUCCESS attempt=2 elapsed=894ms prompt='Explain the concept of prompt engineering.'
2026-07-04T10:05:40.307Z DEBUG 52197 --- [prompt-worker-5] c.e.promptprocessor.worker.PromptWorker  : [Worker:prompt-worker-5] job=56e462c0-8f0e-45de-920e-f06bdcc6cba3 attempt=1/4 prompt='What is semantic search and how does it differ from keyword ...'
2026-07-04T10:05:40.348Z DEBUG 52197 --- [prompt-worker-1] c.e.p.service.MockInferenceService       : [MockInference] call #53 succeeded for prompt 'How can AI be used to detect fraudulent transactions?' in 481ms
2026-07-04T10:05:40.348Z  INFO 52197 --- [prompt-worker-1] c.e.promptprocessor.worker.PromptWorker  : [Worker:prompt-worker-1] job=56e462c0-8f0e-45de-920e-f06bdcc6cba3 SUCCESS attempt=1 elapsed=486ms prompt='How can AI be used to detect fraudulent transactions?'
2026-07-04T10:05:40.348Z DEBUG 52197 --- [prompt-worker-1] c.e.promptprocessor.worker.PromptWorker  : [Worker:prompt-worker-1] job=56e462c0-8f0e-45de-920e-f06bdcc6cba3 attempt=1/4 prompt='How does speech recognition work at a high level?'
2026-07-04T10:05:40.356Z DEBUG 52197 --- [prompt-worker-2] c.e.promptprocessor.worker.PromptWorker  : [Worker:prompt-worker-2] job=56e462c0-8f0e-45de-920e-f06bdcc6cba3 attempt=2/4 prompt='What is the difference between AI, ML, DL, and generative AI...'
2026-07-04T10:05:40.443Z DEBUG 52197 --- [prompt-worker-4] c.e.p.service.MockInferenceService       : [MockInference] call #54 succeeded for prompt 'What is federated learning and why is it privacy-preserving?' in 564ms
2026-07-04T10:05:40.443Z  INFO 52197 --- [prompt-worker-4] c.e.promptprocessor.worker.PromptWorker  : [Worker:prompt-worker-4] job=56e462c0-8f0e-45de-920e-f06bdcc6cba3 SUCCESS attempt=1 elapsed=570ms prompt='What is federated learning and why is it privacy-preserving?'
2026-07-04T10:05:40.443Z DEBUG 52197 --- [prompt-worker-4] c.e.promptprocessor.worker.PromptWorker  : [Worker:prompt-worker-4] job=56e462c0-8f0e-45de-920e-f06bdcc6cba3 attempt=1/4 prompt='What are the limitations of current large language models?'
2026-07-04T10:05:40.443Z  WARN 52197 --- [prompt-worker-4] c.e.p.service.MockInferenceService       : [MockInference] HTTP 429 — call #60 (every 4th request)
2026-07-04T10:05:40.443Z  WARN 52197 --- [prompt-worker-4] c.e.promptprocessor.worker.PromptWorker  : [Worker:prompt-worker-4] job=56e462c0-8f0e-45de-920e-f06bdcc6cba3 RATE LIMITED (attempt 1/4) prompt='What are the limitations of current large language models?' — HTTP 429 Too Many Requests (call #60)
2026-07-04T10:05:40.443Z DEBUG 52197 --- [prompt-worker-4] c.e.promptprocessor.worker.PromptWorker  : [Worker:prompt-worker-4] job=56e462c0-8f0e-45de-920e-f06bdcc6cba3 backing off 500ms before retry attempt=2 prompt='What are the limitations of current large language models?'
2026-07-04T10:05:40.641Z DEBUG 52197 --- [prompt-worker-3] c.e.promptprocessor.worker.PromptWorker  : [Worker:prompt-worker-3] job=56e462c0-8f0e-45de-920e-f06bdcc6cba3 attempt=2/4 prompt='Explain what a vector database is and how it is used in AI.'
2026-07-04T10:05:40.681Z DEBUG 52197 --- [prompt-worker-1] c.e.p.service.MockInferenceService       : [MockInference] call #58 succeeded for prompt 'How does speech recognition work at a high level?' in 331ms
2026-07-04T10:05:40.682Z  INFO 52197 --- [prompt-worker-1] c.e.promptprocessor.worker.PromptWorker  : [Worker:prompt-worker-1] job=56e462c0-8f0e-45de-920e-f06bdcc6cba3 SUCCESS attempt=1 elapsed=334ms prompt='How does speech recognition work at a high level?'
2026-07-04T10:05:40.682Z DEBUG 52197 --- [prompt-worker-1] c.e.promptprocessor.worker.PromptWorker  : [Worker:prompt-worker-1] job=56e462c0-8f0e-45de-920e-f06bdcc6cba3 attempt=1/4 prompt='What is model quantization and why is it useful for deployme...'
2026-07-04T10:05:40.761Z DEBUG 52197 --- [prompt-worker-5] c.e.p.service.MockInferenceService       : [MockInference] call #57 succeeded for prompt 'What is semantic search and how does it differ from keyword ...' in 451ms
2026-07-04T10:05:40.762Z  INFO 52197 --- [prompt-worker-5] c.e.promptprocessor.worker.PromptWorker  : [Worker:prompt-worker-5] job=56e462c0-8f0e-45de-920e-f06bdcc6cba3 SUCCESS attempt=1 elapsed=455ms prompt='What is semantic search and how does it differ from keyword ...'
2026-07-04T10:05:40.762Z DEBUG 52197 --- [prompt-worker-5] c.e.promptprocessor.worker.PromptWorker  : [Worker:prompt-worker-5] job=56e462c0-8f0e-45de-920e-f06bdcc6cba3 attempt=1/4 prompt='How does AI-assisted code generation work?'
2026-07-04T10:05:40.891Z DEBUG 52197 --- [prompt-worker-1] c.e.p.service.MockInferenceService       : [MockInference] call #62 succeeded for prompt 'What is model quantization and why is it useful for deployme...' in 205ms
2026-07-04T10:05:40.892Z  INFO 52197 --- [prompt-worker-1] c.e.promptprocessor.worker.PromptWorker  : [Worker:prompt-worker-1] job=56e462c0-8f0e-45de-920e-f06bdcc6cba3 SUCCESS attempt=1 elapsed=210ms prompt='What is model quantization and why is it useful for deployme...'
2026-07-04T10:05:40.892Z DEBUG 52197 --- [prompt-worker-1] c.e.promptprocessor.worker.PromptWorker  : [Worker:prompt-worker-1] job=56e462c0-8f0e-45de-920e-f06bdcc6cba3 attempt=1/4 prompt='What is the future of AI agents and autonomous systems?'
2026-07-04T10:05:40.899Z DEBUG 52197 --- [prompt-worker-3] c.e.p.service.MockInferenceService       : [MockInference] call #61 succeeded for prompt 'Explain what a vector database is and how it is used in AI.' in 247ms
2026-07-04T10:05:40.900Z  INFO 52197 --- [prompt-worker-3] c.e.promptprocessor.worker.PromptWorker  : [Worker:prompt-worker-3] job=56e462c0-8f0e-45de-920e-f06bdcc6cba3 SUCCESS attempt=2 elapsed=764ms prompt='Explain what a vector database is and how it is used in AI.'
2026-07-04T10:05:40.899Z  WARN 52197 --- [prompt-worker-1] c.e.p.service.MockInferenceService       : [MockInference] HTTP 429 — call #64 (every 4th request)
2026-07-04T10:05:40.900Z  WARN 52197 --- [prompt-worker-1] c.e.promptprocessor.worker.PromptWorker  : [Worker:prompt-worker-1] job=56e462c0-8f0e-45de-920e-f06bdcc6cba3 RATE LIMITED (attempt 1/4) prompt='What is the future of AI agents and autonomous systems?' — HTTP 429 Too Many Requests (call #64)
2026-07-04T10:05:40.900Z DEBUG 52197 --- [prompt-worker-1] c.e.promptprocessor.worker.PromptWorker  : [Worker:prompt-worker-1] job=56e462c0-8f0e-45de-920e-f06bdcc6cba3 backing off 500ms before retry attempt=2 prompt='What is the future of AI agents and autonomous systems?'
2026-07-04T10:05:40.949Z DEBUG 52197 --- [prompt-worker-4] c.e.promptprocessor.worker.PromptWorker  : [Worker:prompt-worker-4] job=56e462c0-8f0e-45de-920e-f06bdcc6cba3 attempt=2/4 prompt='What are the limitations of current large language models?'
2026-07-04T10:05:40.958Z DEBUG 52197 --- [prompt-worker-2] c.e.p.service.MockInferenceService       : [MockInference] call #59 succeeded for prompt 'What is the difference between AI, ML, DL, and generative AI...' in 599ms
2026-07-04T10:05:40.958Z  INFO 52197 --- [prompt-worker-2] c.e.promptprocessor.worker.PromptWorker  : [Worker:prompt-worker-2] job=56e462c0-8f0e-45de-920e-f06bdcc6cba3 SUCCESS attempt=2 elapsed=1103ms prompt='What is the difference between AI, ML, DL, and generative AI...'
2026-07-04T10:05:41.049Z DEBUG 52197 --- [prompt-worker-5] c.e.p.service.MockInferenceService       : [MockInference] call #63 succeeded for prompt 'How does AI-assisted code generation work?' in 286ms
2026-07-04T10:05:41.049Z  INFO 52197 --- [prompt-worker-5] c.e.promptprocessor.worker.PromptWorker  : [Worker:prompt-worker-5] job=56e462c0-8f0e-45de-920e-f06bdcc6cba3 SUCCESS attempt=1 elapsed=287ms prompt='How does AI-assisted code generation work?'
2026-07-04T10:05:41.274Z DEBUG 52197 --- [prompt-worker-4] c.e.p.service.MockInferenceService       : [MockInference] call #65 succeeded for prompt 'What are the limitations of current large language models?' in 323ms
2026-07-04T10:05:41.275Z  INFO 52197 --- [prompt-worker-4] c.e.promptprocessor.worker.PromptWorker  : [Worker:prompt-worker-4] job=56e462c0-8f0e-45de-920e-f06bdcc6cba3 SUCCESS attempt=2 elapsed=832ms prompt='What are the limitations of current large language models?'
2026-07-04T10:05:41.406Z DEBUG 52197 --- [prompt-worker-1] c.e.promptprocessor.worker.PromptWorker  : [Worker:prompt-worker-1] job=56e462c0-8f0e-45de-920e-f06bdcc6cba3 attempt=2/4 prompt='What is the future of AI agents and autonomous systems?'
2026-07-04T10:05:41.706Z DEBUG 52197 --- [prompt-worker-1] c.e.p.service.MockInferenceService       : [MockInference] call #66 succeeded for prompt 'What is the future of AI agents and autonomous systems?' in 295ms
2026-07-04T10:05:41.709Z  INFO 52197 --- [prompt-worker-1] c.e.promptprocessor.model.JobEntry       : Job 56e462c0-8f0e-45de-920e-f06bdcc6cba3 finished — status=COMPLETED, success=50, failure=0
2026-07-04T10:05:41.709Z  INFO 52197 --- [prompt-worker-1] c.e.promptprocessor.worker.PromptWorker  : [Worker:prompt-worker-1] job=56e462c0-8f0e-45de-920e-f06bdcc6cba3 SUCCESS attempt=2 elapsed=817ms prompt='What is the future of AI agents and autonomous systems?'
2026-07-04T10:05:41.710Z  INFO 52197 --- [prompt-worker-1] c.e.p.service.PromptProcessingService    : Job 56e462c0-8f0e-45de-920e-f06bdcc6cba3 — all 50 futures resolved. Final status: COMPLETED
2026-07-04T10:10:25.876Z  INFO 55627 --- [main] c.e.p.PromptProcessorApplicationTests    : Starting PromptProcessorApplicationTests using Java 21.0.11 with PID 55627 (started by vscode in /workspaces/prompt-processor)
2026-07-04T10:10:25.877Z DEBUG 55627 --- [main] c.e.p.PromptProcessorApplicationTests    : Running with Spring Boot v3.3.0, Spring v6.1.8
2026-07-04T10:10:25.877Z  INFO 55627 --- [main] c.e.p.PromptProcessorApplicationTests    : The following 1 profile is active: "test"
2026-07-04T10:10:26.416Z  INFO 55627 --- [main] c.e.p.config.ThreadPoolConfig            : Prompt worker thread pool initialized — core=2, max=4, queue=20
2026-07-04T10:10:26.723Z  INFO 55627 --- [main] o.s.b.a.e.web.EndpointLinksResolver      : Exposing 6 endpoints beneath base path '/actuator'
2026-07-04T10:10:26.776Z  INFO 55627 --- [main] c.e.p.PromptProcessorApplicationTests    : Started PromptProcessorApplicationTests in 1.07 seconds (process running for 1.519)
2026-07-04T10:10:27.318Z DEBUG 55627 --- [main] c.e.p.service.MockInferenceService       : [MockInference] call #1 succeeded for prompt 'p1' in 19ms
2026-07-04T10:10:27.340Z DEBUG 55627 --- [main] c.e.p.service.MockInferenceService       : [MockInference] call #2 succeeded for prompt 'p2' in 16ms
2026-07-04T10:10:27.363Z DEBUG 55627 --- [main] c.e.p.service.MockInferenceService       : [MockInference] call #3 succeeded for prompt 'p3' in 18ms
2026-07-04T10:10:27.364Z  WARN 55627 --- [main] c.e.p.service.MockInferenceService       : [MockInference] HTTP 429 — call #4 (every 4th request)
2026-07-04T10:10:27.386Z DEBUG 55627 --- [main] c.e.p.service.MockInferenceService       : [MockInference] call #1 succeeded for prompt 'What is Java?' in 19ms
2026-07-04T10:10:27.393Z DEBUG 55627 --- [main] c.e.p.service.JobStoreService            : Job abc-123 stored (total jobs in memory: 1)
2026-07-04T10:10:27.477Z DEBUG 55627 --- [main] c.e.promptprocessor.worker.PromptWorker  : [Worker:main] job=job-1 attempt=1/3 prompt='prompt'
2026-07-04T10:10:27.480Z  INFO 55627 --- [main] c.e.promptprocessor.model.JobEntry       : Job job-1 finished — status=COMPLETED, success=1, failure=0
2026-07-04T10:10:27.481Z  INFO 55627 --- [main] c.e.promptprocessor.worker.PromptWorker  : [Worker:main] job=job-1 SUCCESS attempt=1 elapsed=3ms prompt='prompt'
2026-07-04T10:10:27.491Z DEBUG 55627 --- [main] c.e.promptprocessor.worker.PromptWorker  : [Worker:main] job=job-2 attempt=1/3 prompt='prompt'
2026-07-04T10:10:27.492Z  WARN 55627 --- [main] c.e.promptprocessor.worker.PromptWorker  : [Worker:main] job=job-2 RATE LIMITED (attempt 1/3) prompt='prompt' — 429
2026-07-04T10:10:27.492Z DEBUG 55627 --- [main] c.e.promptprocessor.worker.PromptWorker  : [Worker:main] job=job-2 backing off 10ms before retry attempt=2 prompt='prompt'
2026-07-04T10:10:27.503Z DEBUG 55627 --- [main] c.e.promptprocessor.worker.PromptWorker  : [Worker:main] job=job-2 attempt=2/3 prompt='prompt'
2026-07-04T10:10:27.503Z  WARN 55627 --- [main] c.e.promptprocessor.worker.PromptWorker  : [Worker:main] job=job-2 RATE LIMITED (attempt 2/3) prompt='prompt' — 429
2026-07-04T10:10:27.504Z DEBUG 55627 --- [main] c.e.promptprocessor.worker.PromptWorker  : [Worker:main] job=job-2 backing off 10ms before retry attempt=3 prompt='prompt'
2026-07-04T10:10:27.515Z DEBUG 55627 --- [main] c.e.promptprocessor.worker.PromptWorker  : [Worker:main] job=job-2 attempt=3/3 prompt='prompt'
2026-07-04T10:10:27.516Z  WARN 55627 --- [main] c.e.promptprocessor.worker.PromptWorker  : [Worker:main] job=job-2 RATE LIMITED (attempt 3/3) prompt='prompt' — 429
2026-07-04T10:10:27.516Z  INFO 55627 --- [main] c.e.promptprocessor.model.JobEntry       : Job job-2 finished — status=PARTIAL_FAILURE, success=0, failure=1
2026-07-04T10:10:27.516Z ERROR 55627 --- [main] c.e.promptprocessor.worker.PromptWorker  : [Worker:main] job=job-2 FAILED after 3 attempts elapsed=25ms prompt='prompt'
